2019-06-13 12:43 PM: Select (General), (SELECT  *  FROM )Table not set
2019-06-13 12:43 PM: Select (General), (SELECT  *  FROM )Table not set
2019-06-19 01:00 PM: Update (PDO), (INSERT INTO  news SET title = :_title, summary = :_summary, description = :_description, cat_id = :_cat_id, location = :_location, news_date = :_news_date, reporter = :_reporter, is_breaking = :_is_breaking, is_main = :_is_main, is_featured = :_is_featured, source = :_source, status = :_status, added_by = :_added_by)SQLSTATE[42S22]: Column not found: 1054 Unknown column 'description' in 'field list'
2019-06-19 01:01 PM: Update (PDO), (INSERT INTO  news SET title = :_title, summary = :_summary, description = :_description, cat_id = :_cat_id, location = :_location, news_date = :_news_date, reporter = :_reporter, is_breaking = :_is_breaking, is_main = :_is_main, is_featured = :_is_featured, source = :_source, status = :_status, added_by = :_added_by)SQLSTATE[42S22]: Column not found: 1054 Unknown column 'description' in 'field list'2019-06-21 12:26 PM: Select (PDO), (SELECT  *  FROM video ORDER BY video.id DESC )SQLSTATE[42S02]: Base table or view not found: 1146 Table 'news_1200.video' doesn't exist
2019-06-21 12:29 PM: Select (PDO), (SELECT  *  FROM video ORDER BY video.id DESC )SQLSTATE[42S02]: Base table or view not found: 1146 Table 'news_1200.video' doesn't exist
2019-06-21 12:48 PM: Update (PDO), (INSERT INTO  video SET title = :_title, summary = :_summary, status = :_status, video_link = :_video_link, added_by = :_added_by, video_id = :_video_id)SQLSTATE[42S02]: Base table or view not found: 1146 Table 'news_1200.video' doesn't exist
2019-06-21 12:48 PM: Select (PDO), (SELECT  *  FROM video ORDER BY video.id DESC )SQLSTATE[42S02]: Base table or view not found: 1146 Table 'news_1200.video' doesn't exist
2019-06-21 12:49 PM: Update (PDO), (INSERT INTO  videos SET title = :_title, summary = :_summary, status = :_status, video_link = :_video_link, added_by = :_added_by, video_id = :_video_id)SQLSTATE[42S22]: Column not found: 1054 Unknown column 'summary' in 'field list'
2019-06-23 12:57 PM: Select (PDO), (SELECT  *  FROM categories WHERE status = :status ORDER BY name ASC)SQLSTATE[42S22]: Column not found: 1054 Unknown column 'name' in 'order clause'
2019-06-26 12:51 PM: Select (PDO), (SELECT news.*, users.name FROM news WHERE news.id = 74 ORDER BY news.id DESC )SQLSTATE[42S22]: Column not found: 1054 Unknown column 'users.name' in 'field list'
2019-06-26 12:51 PM: Select (PDO), (SELECT news.*, users.name FROM news WHERE news.id = 74 ORDER BY news.id DESC )SQLSTATE[42S22]: Column not found: 1054 Unknown column 'users.name' in 'field list'
2019-06-26 12:53 PM: Select (PDO), (SELECT news.*, users.name FROM news  WHERE news.id = 74 ORDER BY news.id DESC )SQLSTATE[42S22]: Column not found: 1054 Unknown column 'users.name' in 'field list'
2022-06-03 10:21 AM: Connection (PDO), SQLSTATE[HY000] [2002] No connection could be made because the target machine actively refused it
2022-06-07 04:01 AM: Connection (PDO), SQLSTATE[HY000] [2002] No connection could be made because the target machine actively refused it
2022-06-07 04:01 AM: Connection (PDO), SQLSTATE[HY000] [2002] No connection could be made because the target machine actively refused it
2022-06-13 06:13 PM: Connection (PDO), SQLSTATE[HY000] [2002] No connection could be made because the target machine actively refused it
2022-06-21 07:14 PM: Update (PDO), (INSERT INTO  users SET username = :_username, email = :_email, password = :_password)SQLSTATE[42S22]: Column not found: 1054 Unknown column 'username' in 'field list'
2022-06-21 07:17 PM: Update (PDO), (INSERT INTO  users SET username = :_username, email = :_email, password = :_password)SQLSTATE[42S22]: Column not found: 1054 Unknown column 'username' in 'field list'
2022-06-21 07:17 PM: Update (PDO), (INSERT INTO  users SET username = :_username, email = :_email, password = :_password)SQLSTATE[42S22]: Column not found: 1054 Unknown column 'username' in 'field list'
2022-06-21 07:20 PM: Update (PDO), (INSERT INTO  users SET username = :_username, email = :_email, password = :_password)SQLSTATE[42S22]: Column not found: 1054 Unknown column 'username' in 'field list'
2022-06-21 07:22 PM: Update (PDO), (INSERT INTO  users SET username = :_username, email = :_email, password = :_password)SQLSTATE[42S22]: Column not found: 1054 Unknown column 'username' in 'field list'
2022-06-21 07:32 PM: Update (PDO), (INSERT INTO  users SET username = :_username, email = :_email, password = :_password)SQLSTATE[42S22]: Column not found: 1054 Unknown column 'username' in 'field list'
2022-06-21 07:33 PM: Update (PDO), (INSERT INTO  users SET username = :_username, email = :_email, password = :_password)SQLSTATE[42S22]: Column not found: 1054 Unknown column 'username' in 'field list'
2022-06-21 07:37 PM: Update (PDO), (INSERT INTO  users SET username = :_username, email = :_email, password = :_password)SQLSTATE[42S22]: Column not found: 1054 Unknown column 'username' in 'field list'
2022-06-21 07:37 PM: Update (PDO), (INSERT INTO  users SET username = :_username, email = :_email, password = :_password)SQLSTATE[42S22]: Column not found: 1054 Unknown column 'username' in 'field list'
2022-06-21 07:45 PM: Update (PDO), (INSERT INTO  users SET username = :_username, email = :_email, password = :_password)SQLSTATE[42S22]: Column not found: 1054 Unknown column 'username' in 'field list'
2022-06-21 07:47 PM: Update (PDO), (INSERT INTO  users SET username = :_username, email = :_email, password = :_password)SQLSTATE[42S22]: Column not found: 1054 Unknown column 'username' in 'field list'
2022-06-21 07:48 PM: Update (PDO), (INSERT INTO  users SET username = :_username, email = :_email, password = :_password)SQLSTATE[42S22]: Column not found: 1054 Unknown column 'username' in 'field list'
2022-06-21 07:52 PM: Update (PDO), (INSERT INTO  users SET username = :_username, email = :_email, password = :_password)SQLSTATE[42S22]: Column not found: 1054 Unknown column 'username' in 'field list'
2022-06-22 03:38 AM: Update (PDO), (INSERT INTO  users SET username = :_username, email = :_email, password = :_password, status = :_status, role = :_role, remember_token = :_remember_token, last_ip = :_last_ip, last_log = :_last_log, created_at = :_created_at, updated_at = :_updated_at)SQLSTATE[42S22]: Column not found: 1054 Unknown column 'username' in 'field list'
2022-06-22 09:21 AM: Update (PDO), (INSERT INTO  users SET name = :_name, email = :_email, password = :_password, recaptcha = :_recaptcha)SQLSTATE[42S22]: Column not found: 1054 Unknown column 'recaptcha' in 'field list'
2022-06-22 09:22 AM: Update (PDO), (INSERT INTO  users SET name = :_name, email = :_email, password = :_password, recaptcha = :_recaptcha)SQLSTATE[42S22]: Column not found: 1054 Unknown column 'recaptcha' in 'field list'
2022-06-28 06:32 PM: Update (PDO), (INSERT INTO  users SET email = :_email, password = :_password, cpassword = :_cpassword, role = :_role)SQLSTATE[42S22]: Column not found: 1054 Unknown column 'cpassword' in 'field list'
2022-06-28 06:32 PM: Update (PDO), (INSERT INTO  users SET email = :_email, password = :_password, cpassword = :_cpassword, role = :_role)SQLSTATE[42S22]: Column not found: 1054 Unknown column 'cpassword' in 'field list'
2022-06-28 06:33 PM: Update (PDO), (INSERT INTO  users SET email = :_email, password = :_password, cpassword = :_cpassword, role = :_role)SQLSTATE[42S22]: Column not found: 1054 Unknown column 'cpassword' in 'field list'
2022-06-28 07:53 PM: Update (PDO), (INSERT INTO  users SET email = :_email, password = :_password, cpassword = :_cpassword, role = :_role)SQLSTATE[42S22]: Column not found: 1054 Unknown column 'cpassword' in 'field list'
